  [1m[36m (1.1ms)[0m  [1mCREATE TABLE "schema_migrations" ("version" varchar NOT NULL) [0m
  [1m[35m (0.1ms)[0m  select sqlite_version(*)
  [1m[36m (0.9ms)[0m  [1mCREATE UNIQUE INDEX "unique_schema_migrations" ON "schema_migrations" ("version")[0m
  [1m[35mActiveRecord::SchemaMigration Load (0.1ms)[0m  SELECT "schema_migrations".* FROM "schema_migrations"
Migrating to CreatePosts (20151008104624)
  [1m[36m (0.1ms)[0m  [1mbegin transaction[0m
  [1m[35m (0.4ms)[0m  CREATE TABLE "posts" ("id" INTEGER PRIMARY KEY AUTOINCREMENT NOT NULL, "title" varchar, "text" text, "created_at" datetime NOT NULL, "updated_at" datetime NOT NULL) 
  [1m[36mSQL (0.2ms)[0m  [1mINSERT INTO "schema_migrations" ("version") VALUES (?)[0m  [["version", "20151008104624"]]
  [1m[35m (0.7ms)[0m  commit transaction
Migrating to CreateComments (20151008112215)
  [1m[36m (0.0ms)[0m  [1mbegin transaction[0m
  [1m[35m (0.3ms)[0m  CREATE TABLE "comments" ("id" INTEGER PRIMARY KEY AUTOINCREMENT NOT NULL, "post_id" integer, "text" text, "created_at" datetime NOT NULL, "updated_at" datetime NOT NULL) 
  [1m[36mSQL (0.1ms)[0m  [1mINSERT INTO "schema_migrations" ("version") VALUES (?)[0m  [["version", "20151008112215"]]
  [1m[35m (0.7ms)[0m  commit transaction
  [1m[36mActiveRecord::SchemaMigration Load (0.1ms)[0m  [1mSELECT "schema_migrations".* FROM "schema_migrations"[0m


Started GET "/posts/new" for ::1 at 2015-10-08 17:28:15 +0600
  [1m[36mActiveRecord::SchemaMigration Load (0.1ms)[0m  [1mSELECT "schema_migrations".* FROM "schema_migrations"[0m
Processing by PostsController#new as HTML
  Rendered posts/_form.html.erb (20.8ms)
  Rendered posts/new.html.erb within layouts/application (26.4ms)
Completed 200 OK in 1455ms (Views: 1438.7ms | ActiveRecord: 0.4ms)


Started POST "/posts" for ::1 at 2015-10-08 17:28:18 +0600
Processing by PostsController#create as HTML
  Parameters: {"utf8"=>"✓", "authenticity_token"=>"PrDjTsOcUyY3cVd4H0k4t6QTrsxv4JjkbQl9dy2geNxSxGNAb3K1gp/dtNq1jD3E/R/SZlcT7jilcj9gKZ8zBQ==", "post"=>{"title"=>"", "text"=>""}, "commit"=>"Create Post"}
  [1m[35m (0.6ms)[0m  begin transaction
  [1m[36mSQL (0.5ms)[0m  [1mINSERT INTO "posts" ("title", "text", "created_at", "updated_at") VALUES (?, ?, ?, ?)[0m  [["title", ""], ["text", ""], ["created_at", "2015-10-08 11:28:18.128561"], ["updated_at", "2015-10-08 11:28:18.128561"]]
  [1m[35m (2.7ms)[0m  commit transaction
Redirected to http://localhost:3000/posts/1
Completed 302 Found in 18ms (ActiveRecord: 3.9ms)


Started GET "/posts/1" for ::1 at 2015-10-08 17:28:18 +0600
Processing by PostsController#show as HTML
  Parameters: {"id"=>"1"}
  [1m[36mPost Load (0.2ms)[0m  [1mSELECT  "posts".* FROM "posts" WHERE "posts"."id" = ? LIMIT 1[0m  [["id", 1]]
  Rendered posts/show.html.erb within layouts/application (0.9ms)
Completed 200 OK in 60ms (Views: 49.2ms | ActiveRecord: 0.2ms)


Started GET "/posts" for ::1 at 2015-10-08 17:28:19 +0600
Processing by PostsController#index as HTML
  [1m[35mPost Load (0.2ms)[0m  SELECT "posts".* FROM "posts"
  Rendered posts/index.html.erb within layouts/application (1.9ms)
Completed 200 OK in 35ms (Views: 34.6ms | ActiveRecord: 0.2ms)


Started DELETE "/posts/1" for ::1 at 2015-10-08 17:28:22 +0600
Processing by PostsController#destroy as HTML
  Parameters: {"authenticity_token"=>"eHSIbcxe4cxeMzfuJzCpkugWdrA3FfGVpxzGABO1BGwUAAhjYLAHaPaf1EyN9azhsRoKGg/mh0lvZ4QXF4pPtQ==", "id"=>"1"}
  [1m[36mPost Load (0.1ms)[0m  [1mSELECT  "posts".* FROM "posts" WHERE "posts"."id" = ? LIMIT 1[0m  [["id", 1]]
  [1m[35m (0.1ms)[0m  begin transaction
  [1m[36mSQL (0.3ms)[0m  [1mDELETE FROM "posts" WHERE "posts"."id" = ?[0m  [["id", 1]]
  [1m[35m (1.1ms)[0m  commit transaction
Redirected to http://localhost:3000/posts
Completed 302 Found in 4ms (ActiveRecord: 1.6ms)


Started GET "/posts" for ::1 at 2015-10-08 17:28:22 +0600
Processing by PostsController#index as HTML
  [1m[36mPost Load (0.2ms)[0m  [1mSELECT "posts".* FROM "posts"[0m
  Rendered posts/index.html.erb within layouts/application (1.5ms)
Completed 200 OK in 63ms (Views: 61.6ms | ActiveRecord: 0.2ms)


Started GET "/posts/new" for ::1 at 2015-10-08 17:28:23 +0600
Processing by PostsController#new as HTML
  Rendered posts/_form.html.erb (2.2ms)
  Rendered posts/new.html.erb within layouts/application (3.6ms)
Completed 200 OK in 40ms (Views: 39.6ms | ActiveRecord: 0.0ms)


Started GET "/posts/new" for ::1 at 2015-10-08 18:20:13 +0600
Processing by PostsController#new as HTML
  Rendered posts/_form.html.erb (3.4ms)
  Rendered posts/new.html.erb within layouts/application (4.8ms)
Completed 200 OK in 56ms (Views: 53.2ms | ActiveRecord: 0.0ms)


Started GET "/posts/new" for ::1 at 2015-10-09 01:36:56 +0600
Processing by PostsController#new as HTML
  Rendered posts/_form.html.erb (8.1ms)
  Rendered posts/new.html.erb within layouts/application (11.8ms)
Completed 200 OK in 86ms (Views: 76.7ms | ActiveRecord: 0.0ms)
